<?xml version="1.0" encoding="UTF-8"?>
<testng-results skipped="0" failed="0" ignored="0" total="2" passed="2">
  <reporter-output>
  </reporter-output>
  <suite name="接口自动化" duration-ms="6435" started-at="2019-04-09T05:32:03Z" finished-at="2019-04-09T05:32:10Z">
    <groups>
    </groups>
    <test name="PostApiTest" duration-ms="6435" started-at="2019-04-09T05:32:03Z" finished-at="2019-04-09T05:32:10Z">
      <class name="com.qa.tests.PostApiTest">
        <test-method status="PASS" signature="postApiTest()[pri:0, instance:com.qa.tests.PostApiTest@5e025e70]" name="postApiTest" duration-ms="6335" started-at="2019-04-09T05:32:03Z" description="+++++++" finished-at="2019-04-09T05:32:10Z">
          <reporter-output>
          </reporter-output>
        </test-method> <!-- postApiTest -->
      </class> <!-- com.qa.tests.PostApiTest -->
      <class name="com.qa.tests.GetApiTest">
        <test-method status="PASS" signature="getApiTest()[pri:0, instance:com.qa.tests.GetApiTest@1fbc7afb]" name="getApiTest" duration-ms="65" started-at="2019-04-09T05:32:10Z" description="========" finished-at="2019-04-09T05:32:10Z">
          <reporter-output>
          </reporter-output>
        </test-method> <!-- getApiTest -->
      </class> <!-- com.qa.tests.GetApiTest -->
    </test> <!-- PostApiTest -->
  </suite> <!-- 接口自动化 -->
</testng-results>
